2025-12-10 10:40:08,083 | CRITICAL | bank_bot | Unhandled exception
Traceback (most recent call last):
  File "C:\Users\Thomas\Desktop\bank_bot-main\playwright\bank_bot_withdrawal.py", line 103, in <module>
    "deviceID": sys.argv[1],
                ~~~~~~~~^^^
IndexError: list index out of range
2025-12-10 10:40:22,076 | INFO | bank_bot | Gracefully terminating Chrome...
2025-12-10 10:42:06,676 | INFO | bank_bot | Gracefully terminating Chrome...
2025-12-10 10:42:18,649 | CRITICAL | bank_bot | Unhandled exception
Traceback (most recent call last):
  File "C:\Users\Thomas\Desktop\bank_bot-main\playwright\bank_bot_withdrawal.py", line 104, in <module>
    "merchantCode": sys.argv[2],
                    ~~~~~~~~^^^
IndexError: list index out of range
2025-12-10 10:43:14,393 | CRITICAL | bank_bot | Unhandled exception
Traceback (most recent call last):
  File "C:\Users\Thomas\Desktop\bank_bot-main\playwright\bank_bot_withdrawal.py", line 104, in <module>
    "merchantCode": sys.argv[2],
                    ~~~~~~~~^^^
IndexError: list index out of range
2025-12-10 10:43:31,228 | CRITICAL | bank_bot | Unhandled exception
Traceback (most recent call last):
  File "C:\Users\Thomas\AppData\Local\Programs\Python\Python311\Lib\site-packages\poco\utils\device.py", line 32, in default_device
    return current_device()
           ^^^^^^^^^^^^^^^^
  File "C:\Users\Thomas\AppData\Local\Programs\Python\Python311\Lib\site-packages\airtest\core\api.py", line 87, in device
    return G.DEVICE
           ^^^^^^^^
  File "C:\Users\Thomas\AppData\Local\Programs\Python\Python311\Lib\site-packages\airtest\core\helper.py", line 20, in DEVICE
    raise NoDeviceError("No devices added.")
airtest.core.error.NoDeviceError: 'No devices added.'

During handling of the above exception, another exception occurred:

Traceback (most recent call last):
  File "C:\Users\Thomas\Desktop\bank_bot-main\playwright\bank_bot_withdrawal.py", line 1142, in <module>
    Bank_Bot.kma_messages_OTP()
  File "C:\Users\Thomas\Desktop\bank_bot-main\playwright\bank_bot_withdrawal.py", line 811, in kma_messages_OTP
    poco = AndroidUiautomationPoco(use_airtest_input=True, screenshot_each_action=False)
           ^^^^^^^^^^^^^^^^^^^^^^^^^^^^^^^^^^^^^^^^^^^^^^^^^^^^^^^^^^^^^^^^^^^^^^^^^^^^^
  File "C:\Users\Thomas\AppData\Local\Programs\Python\Python311\Lib\site-packages\poco\drivers\android\uiautomation.py", line 149, in __init__
    self.device = device or default_device()
                            ^^^^^^^^^^^^^^^^
  File "C:\Users\Thomas\AppData\Local\Programs\Python\Python311\Lib\site-packages\poco\utils\device.py", line 34, in default_device
    return connect_device('Android:///')
           ^^^^^^^^^^^^^^^^^^^^^^^^^^^^^
  File "C:\Users\Thomas\AppData\Local\Programs\Python\Python311\Lib\site-packages\airtest\utils\logwraper.py", line 139, in wrapper
    res = f(*args, **kwargs)
          ^^^^^^^^^^^^^^^^^^
  File "C:\Users\Thomas\AppData\Local\Programs\Python\Python311\Lib\site-packages\airtest\core\api.py", line 74, in connect_device
    dev = init_device(platform, uuid, **params)
          ^^^^^^^^^^^^^^^^^^^^^^^^^^^^^^^^^^^^^
  File "C:\Users\Thomas\AppData\Local\Programs\Python\Python311\Lib\site-packages\airtest\core\api.py", line 42, in init_device
    dev = cls(uuid, **kwargs)
          ^^^^^^^^^^^^^^^^^^^
  File "C:\Users\Thomas\AppData\Local\Programs\Python\Python311\Lib\site-packages\airtest\core\android\android.py", line 49, in __init__
    self.serialno = serialno or self.get_default_device(adb_path=adb_path)
                                ^^^^^^^^^^^^^^^^^^^^^^^^^^^^^^^^^^^^^^^^^^
  File "C:\Users\Thomas\AppData\Local\Programs\Python\Python311\Lib\site-packages\airtest\core\android\android.py", line 311, in get_default_device
    raise IndexError("ADB devices not found")
IndexError: ADB devices not found
2025-12-10 11:09:28,802 | CRITICAL | bank_bot | Unhandled exception
Traceback (most recent call last):
  File "C:\Users\Thomas\Desktop\bank_bot-main\playwright\bank_bot_withdrawal.py", line 759, in kma_business_web
    page.locator("//input[@id='ctl00_cphSectionData_txtAccTo']").fill(sys.argv[6], timeout=0)
  File "C:\Users\Thomas\AppData\Local\Programs\Python\Python311\Lib\site-packages\playwright\sync_api\_generated.py", line 15919, in fill
    self._sync(
  File "C:\Users\Thomas\AppData\Local\Programs\Python\Python311\Lib\site-packages\playwright\_impl\_sync_base.py", line 115, in _sync
    return task.result()
           ^^^^^^^^^^^^^
  File "C:\Users\Thomas\AppData\Local\Programs\Python\Python311\Lib\site-packages\playwright\_impl\_locator.py", line 212, in fill
    return await self._frame.fill(self._selector, strict=True, **params)
           ^^^^^^^^^^^^^^^^^^^^^^^^^^^^^^^^^^^^^^^^^^^^^^^^^^^^^^^^^^^^^
  File "C:\Users\Thomas\AppData\Local\Programs\Python\Python311\Lib\site-packages\playwright\_impl\_frame.py", line 590, in fill
    await self._fill(**locals_to_params(locals()))
  File "C:\Users\Thomas\AppData\Local\Programs\Python\Python311\Lib\site-packages\playwright\_impl\_frame.py", line 602, in _fill
    await self._channel.send("fill", self._timeout, locals_to_params(locals()))
  File "C:\Users\Thomas\AppData\Local\Programs\Python\Python311\Lib\site-packages\playwright\_impl\_connection.py", line 69, in send
    return await self._connection.wrap_api_call(
           ^^^^^^^^^^^^^^^^^^^^^^^^^^^^^^^^^^^^^
  File "C:\Users\Thomas\AppData\Local\Programs\Python\Python311\Lib\site-packages\playwright\_impl\_connection.py", line 559, in wrap_api_call
    raise rewrite_error(error, f"{parsed_st['apiName']}: {error}") from None
playwright._impl._errors.TargetClosedError: Locator.fill: Target page, context or browser has been closed
Call log:
  - waiting for locator("//input[@id='ctl00_cphSectionData_txtAccTo']")
    - waiting for navigation to finish...
    - navigated to "https://www.krungsribizonline.com/BAY.KOL.Corp.WebSite/Pages/FundTransfer/ConfirmTransfer.aspx?token=OSAwi8c9ntEjqrYKhCnQFk7fLgUgUzL5MLyPCwg1j1NbimeOQVjBctvHX2G2xkB3QVH0JNqoCYLrR8um5kynENicQknjna8etpâ€¦"


During handling of the above exception, another exception occurred:

Traceback (most recent call last):
  File "C:\Users\Thomas\Desktop\bank_bot-main\playwright\bank_bot_withdrawal.py", line 1149, in <module>
    Bank_Bot.kma_business_web()
  File "C:\Users\Thomas\Desktop\bank_bot-main\playwright\bank_bot_withdrawal.py", line 798, in kma_business_web
    print(f"An error occurred: {error}")
OSError: [Errno 22] Invalid argument
2025-12-10 11:09:28,802 | INFO | bank_bot | Gracefully terminating Chrome...
2025-12-10 11:11:08,405 | INFO | bank_bot | Gracefully terminating Chrome...
2025-12-10 11:15:43,922 | INFO | bank_bot | Gracefully terminating Chrome...
2025-12-10 11:17:30,817 | INFO | bank_bot | Gracefully terminating Chrome...
2025-12-10 11:19:38,123 | INFO | bank_bot | Gracefully terminating Chrome...
2025-12-10 11:21:41,147 | INFO | bank_bot | Gracefully terminating Chrome...
2025-12-10 11:22:21,475 | INFO | bank_bot | Gracefully terminating Chrome...
2025-12-10 13:35:55,887 | INFO | bank_bot | Gracefully terminating Chrome...
2025-12-10 13:44:38,294 | INFO | bank_bot | Gracefully terminating Chrome...
2025-12-10 15:04:37,351 | CRITICAL | bank_bot | Unhandled exception
Traceback (most recent call last):
  File "c:\Users\Thomas\Desktop\bank_bot-main\playwright\bank_bot_withdrawal.py", line 103, in <module>
    "deviceID": sys.argv[1],
                ~~~~~~~~^^^
IndexError: list index out of range
2025-12-10 15:04:41,384 | CRITICAL | bank_bot | Unhandled exception
Traceback (most recent call last):
  File "c:\Users\Thomas\Desktop\bank_bot-main\playwright\bank_bot_withdrawal.py", line 103, in <module>
    "deviceID": sys.argv[1],
                ~~~~~~~~^^^
IndexError: list index out of range
2025-12-10 15:05:10,901 | CRITICAL | bank_bot | Unhandled exception
Traceback (most recent call last):
  File "C:\Users\Thomas\Desktop\bank_bot-main\playwright\bank_bot_withdrawal.py", line 103, in <module>
    "deviceID": sys.argv[1],
                ~~~~~~~~^^^
IndexError: list index out of range
2025-12-10 15:05:42,886 | INFO | bank_bot | Gracefully terminating Chrome...
2025-12-10 15:41:40,452 | INFO | bank_bot | Gracefully terminating Chrome...
2025-12-10 15:43:57,204 | INFO | bank_bot | Gracefully terminating Chrome...
2025-12-10 15:44:31,640 | INFO | bank_bot | Gracefully terminating Chrome...
2025-12-10 15:51:35,032 | INFO | bank_bot | Gracefully terminating Chrome...
2025-12-10 15:52:24,546 | INFO | bank_bot | Gracefully terminating Chrome...
2025-12-10 16:12:29,793 | INFO | bank_bot | Gracefully terminating Chrome...
2025-12-10 16:13:25,976 | INFO | bank_bot | Gracefully terminating Chrome...
2025-12-10 16:15:29,252 | INFO | bank_bot | Gracefully terminating Chrome...
2025-12-10 16:16:16,266 | INFO | bank_bot | Gracefully terminating Chrome...
2025-12-10 16:21:25,051 | INFO | bank_bot | Gracefully terminating Chrome...
